0 verbose cli E:\Program Files\nodejs\node.exe E:\Program Files\nodejs\node_modules\npm\bin\npm-cli.js
1 info using npm@8.19.2
2 info using node@v18.12.0
3 timing npm:load:whichnode Completed in 0ms
4 timing config:load:defaults Completed in 3ms
5 timing config:load:file:E:\Program Files\nodejs\node_modules\npm\npmrc Completed in 125ms
6 timing config:load:builtin Completed in 126ms
7 timing config:load:cli Completed in 4ms
8 timing config:load:env Completed in 1ms
9 timing config:load:project Completed in 1ms
10 timing config:load:file:C:\Users\kelec\.npmrc Completed in 0ms
11 timing config:load:user Completed in 0ms
12 timing config:load:file:C:\Users\kelec\AppData\Roaming\npm\etc\npmrc Completed in 0ms
13 timing config:load:global Completed in 0ms
14 timing config:load:validate Completed in 0ms
15 timing config:load:credentials Completed in 1ms
16 timing config:load:setEnvs Completed in 2ms
17 timing config:load Completed in 140ms
18 timing npm:load:configload Completed in 140ms
19 timing npm:load:mkdirpcache Completed in 1ms
20 timing npm:load:mkdirplogs Completed in 0ms
21 verbose title npm prefix
22 verbose argv "prefix" "--global"
23 timing npm:load:setTitle Completed in 11ms
24 timing config:load:flatten Completed in 6ms
25 timing npm:load:display Completed in 7ms
26 verbose logfile logs-max:10 dir:E:\Documents\FutureProof\lap_2\Project Week\tracker\AppDataRoamingnpm-cache\_logs
27 verbose logfile E:\Documents\FutureProof\lap_2\Project Week\tracker\AppDataRoamingnpm-cache\_logs\2022-11-18T13_00_20_261Z-debug-0.log
28 timing npm:load:logFile Completed in 58ms
29 timing npm:load:timers Completed in 1ms
30 timing npm:load:configScope Completed in 0ms
31 timing npm:load Completed in 219ms
32 timing command:prefix Completed in 2ms
33 verbose exit 0
34 timing npm Completed in 238ms
35 info ok
