0 verbose cli E:\Program Files\nodejs\node.exe C:\Users\kelec\AppData\Roaming\npm\node_modules\npm\bin\npm-cli.js
1 info using npm@9.1.1
2 info using node@v18.12.0
3 timing npm:load:whichnode Completed in 2ms
4 timing config:load:defaults Completed in 15ms
5 timing config:load:file:C:\Users\kelec\AppData\Roaming\npm\node_modules\npm\npmrc Completed in 32ms
6 timing config:load:builtin Completed in 33ms
7 timing config:load:cli Completed in 3ms
8 timing config:load:env Completed in 8ms
9 timing config:load:file:e:\Documents\FutureProof\lap_2\Project Week\tracker\.npmrc Completed in 1ms
10 timing config:load:project Completed in 36ms
11 timing config:load:file:C:\Users\kelec\.npmrc Completed in 0ms
12 timing config:load:user Completed in 1ms
13 timing config:load:file:C:\Users\kelec\AppData\Roaming\npm\etc\npmrc Completed in 13ms
14 timing config:load:global Completed in 14ms
15 timing config:load:setEnvs Completed in 4ms
16 timing config:load Completed in 123ms
17 timing npm:load:configload Completed in 123ms
18 timing npm:load:mkdirpcache Completed in 8ms
19 timing npm:load:mkdirplogs Completed in 2ms
20 verbose title npm view jest description dist-tags.latest homepage version
21 verbose argv "view" "--json" "jest" "description" "dist-tags.latest" "homepage" "version"
22 timing npm:load:setTitle Completed in 14ms
23 timing config:load:flatten Completed in 8ms
24 timing npm:load:display Completed in 13ms
25 verbose logfile logs-max:10 dir:E:\Documents\FutureProof\lap_2\Project Week\tracker\AppDataRoamingnpm-cache\_logs\2022-11-17T11_56_51_336Z-
26 verbose logfile E:\Documents\FutureProof\lap_2\Project Week\tracker\AppDataRoamingnpm-cache\_logs\2022-11-17T11_56_51_336Z-debug-0.log
27 timing npm:load:logFile Completed in 37ms
28 timing npm:load:timers Completed in 0ms
29 timing npm:load:configScope Completed in 0ms
30 timing npm:load Completed in 206ms
31 silly logfile done cleaning log files
32 timing config:load:flatten Completed in 1ms
33 http fetch GET 200 https://registry.npmjs.org/npm 324ms (cache miss)
34 http fetch GET 200 https://registry.npmjs.org/jest 366ms (cache miss)
35 timing command:view Completed in 404ms
36 notice
36 notice New patch version of npm available! 9.1.1 -> 9.1.2
36 notice Changelog: <https://github.com/npm/cli/releases/tag/v9.1.2>
36 notice Run `npm install -g npm@9.1.2` to update!
36 notice
37 verbose exit 0
38 timing npm Completed in 666ms
39 info ok
