0 verbose cli E:\Program Files\nodejs\node.exe C:\Users\kelec\AppData\Roaming\npm\node_modules\npm\bin\npm-cli.js
1 info using npm@9.1.1
2 info using node@v18.12.0
3 timing npm:load:whichnode Completed in 2ms
4 timing config:load:defaults Completed in 7ms
5 timing config:load:file:C:\Users\kelec\AppData\Roaming\npm\node_modules\npm\npmrc Completed in 3ms
6 timing config:load:builtin Completed in 4ms
7 timing config:load:cli Completed in 3ms
8 timing config:load:env Completed in 1ms
9 timing config:load:file:E:\Documents\FutureProof\lap_2\Project Week\tracker\.npmrc Completed in 1ms
10 timing config:load:project Completed in 4ms
11 timing config:load:file:C:\Users\kelec\.npmrc Completed in 1ms
12 timing config:load:user Completed in 1ms
13 timing config:load:file:C:\Users\kelec\AppData\Roaming\npm\etc\npmrc Completed in 2ms
14 timing config:load:global Completed in 2ms
15 timing config:load:setEnvs Completed in 1ms
16 timing config:load Completed in 23ms
17 timing npm:load:configload Completed in 24ms
18 timing npm:load:mkdirpcache Completed in 1ms
19 timing npm:load:mkdirplogs Completed in 0ms
20 verbose title npm run stop
21 verbose argv "run" "stop"
22 timing npm:load:setTitle Completed in 3ms
23 timing config:load:flatten Completed in 3ms
24 timing npm:load:display Completed in 6ms
25 verbose logfile logs-max:10 dir:E:\Documents\FutureProof\lap_2\Project Week\tracker\AppDataRoamingnpm-cache\_logs\2022-11-18T12_52_58_503Z-
26 verbose logfile E:\Documents\FutureProof\lap_2\Project Week\tracker\AppDataRoamingnpm-cache\_logs\2022-11-18T12_52_58_503Z-debug-0.log
27 timing npm:load:logFile Completed in 12ms
28 timing npm:load:timers Completed in 0ms
29 timing npm:load:configScope Completed in 0ms
30 timing npm:load Completed in 49ms
31 silly logfile done cleaning log files
32 timing config:load:flatten Completed in 2ms
33 timing command:run Completed in 24ms
34 verbose stack Error: Missing script: "stop"
34 verbose stack
34 verbose stack To see a list of scripts, run:
34 verbose stack   npm run
34 verbose stack     at RunScript.run (C:\Users\kelec\AppData\Roaming\npm\node_modules\npm\lib\commands\run-script.js:98:13)
34 verbose stack     at async module.exports (C:\Users\kelec\AppData\Roaming\npm\node_modules\npm\lib\cli.js:133:5)
35 verbose cwd E:\Documents\FutureProof\lap_2\Project Week\tracker
36 verbose Windows_NT 10.0.19044
37 verbose node v18.12.0
38 verbose npm  v9.1.1
39 error Missing script: "stop"
39 error
39 error To see a list of scripts, run:
39 error   npm run
40 verbose exit 1
41 timing npm Completed in 260ms
42 verbose code 1
43 error A complete log of this run can be found in:
43 error     E:\Documents\FutureProof\lap_2\Project Week\tracker\AppDataRoamingnpm-cache\_logs\2022-11-18T12_52_58_503Z-debug-0.log
