0 verbose cli E:\Program Files\nodejs\node.exe C:\Users\kelec\AppData\Roaming\npm\node_modules\npm\bin\npm-cli.js
1 info using npm@9.1.1
2 info using node@v18.12.0
3 timing npm:load:whichnode Completed in 1ms
4 timing config:load:defaults Completed in 4ms
5 timing config:load:file:C:\Users\kelec\AppData\Roaming\npm\node_modules\npm\npmrc Completed in 5ms
6 timing config:load:builtin Completed in 10ms
7 timing config:load:cli Completed in 8ms
8 timing config:load:env Completed in 1ms
9 timing config:load:file:e:\Documents\FutureProof\lap_2\Project Week\tracker\.npmrc Completed in 0ms
10 timing config:load:project Completed in 5ms
11 timing config:load:file:C:\Users\kelec\.npmrc Completed in 0ms
12 timing config:load:user Completed in 1ms
13 timing config:load:file:C:\Users\kelec\AppData\Roaming\npm\etc\npmrc Completed in 2ms
14 timing config:load:global Completed in 2ms
15 timing config:load:setEnvs Completed in 6ms
16 timing config:load Completed in 38ms
17 timing npm:load:configload Completed in 39ms
18 timing npm:load:mkdirpcache Completed in 3ms
19 timing npm:load:mkdirplogs Completed in 0ms
20 verbose title npm view validator description dist-tags.latest homepage version
21 verbose argv "view" "--json" "validator" "description" "dist-tags.latest" "homepage" "version"
22 timing npm:load:setTitle Completed in 8ms
23 timing config:load:flatten Completed in 7ms
24 timing npm:load:display Completed in 10ms
25 verbose logfile logs-max:10 dir:E:\Documents\FutureProof\lap_2\Project Week\tracker\AppDataRoamingnpm-cache\_logs\2022-11-18T13_00_23_766Z-
26 verbose logfile E:\Documents\FutureProof\lap_2\Project Week\tracker\AppDataRoamingnpm-cache\_logs\2022-11-18T13_00_23_766Z-debug-0.log
27 timing npm:load:logFile Completed in 12ms
28 timing npm:load:timers Completed in 0ms
29 timing npm:load:configScope Completed in 0ms
30 timing npm:load Completed in 75ms
31 silly logfile start cleaning logs, removing 1 files
32 timing config:load:flatten Completed in 2ms
33 silly logfile done cleaning log files
34 http fetch GET 200 https://registry.npmjs.org/validator 899ms (cache revalidated)
35 timing command:view Completed in 942ms
36 verbose exit 0
37 timing npm Completed in 1087ms
38 info ok
