0 verbose cli E:\Program Files\nodejs\node.exe C:\Users\kelec\AppData\Roaming\npm\node_modules\npm\bin\npm-cli.js
1 info using npm@9.1.1
2 info using node@v18.12.0
3 timing npm:load:whichnode Completed in 2ms
4 timing config:load:defaults Completed in 5ms
5 timing config:load:file:C:\Users\kelec\AppData\Roaming\npm\node_modules\npm\npmrc Completed in 4ms
6 timing config:load:builtin Completed in 5ms
7 timing config:load:cli Completed in 2ms
8 timing config:load:env Completed in 1ms
9 timing config:load:file:E:\Documents\FutureProof\lap_2\Project Week\tracker\.npmrc Completed in 0ms
10 timing config:load:project Completed in 4ms
11 timing config:load:file:C:\Users\kelec\.npmrc Completed in 0ms
12 timing config:load:user Completed in 0ms
13 timing config:load:file:C:\Users\kelec\AppData\Roaming\npm\etc\npmrc Completed in 1ms
14 timing config:load:global Completed in 1ms
15 timing config:load:setEnvs Completed in 3ms
16 timing config:load Completed in 24ms
17 timing npm:load:configload Completed in 25ms
18 timing npm:load:mkdirpcache Completed in 1ms
19 timing npm:load:mkdirplogs Completed in 1ms
20 verbose title npm run down
21 verbose argv "run" "down"
22 timing npm:load:setTitle Completed in 4ms
23 timing config:load:flatten Completed in 21ms
24 timing npm:load:display Completed in 31ms
25 verbose logfile logs-max:10 dir:E:\Documents\FutureProof\lap_2\Project Week\tracker\AppDataRoamingnpm-cache\_logs\2022-11-18T12_53_28_689Z-
26 verbose logfile E:\Documents\FutureProof\lap_2\Project Week\tracker\AppDataRoamingnpm-cache\_logs\2022-11-18T12_53_28_689Z-debug-0.log
27 timing npm:load:logFile Completed in 17ms
28 timing npm:load:timers Completed in 0ms
29 timing npm:load:configScope Completed in 0ms
30 timing npm:load Completed in 82ms
31 silly logfile done cleaning log files
32 timing config:load:flatten Completed in 1ms
33 timing command:run Completed in 211ms
34 verbose exit 127
35 timing npm Completed in 329ms
36 verbose code 127
